0 info it worked if it ends with ok
1 verbose cli [ 'C:\\Program Files (x86)\\nodejs\\node.exe',
1 verbose cli   'C:\\Program Files (x86)\\nodejs\\node_modules\\npm\\bin\\npm-cli.js',
1 verbose cli   'run',
1 verbose cli   'build' ]
2 info using npm@3.10.10
3 info using node@v6.10.1
4 verbose run-script [ 'prebuild', 'build', 'postbuild' ]
5 info lifecycle fat-eibl-frontend@0.0.1~prebuild: fat-eibl-frontend@0.0.1
6 silly lifecycle fat-eibl-frontend@0.0.1~prebuild: no script for prebuild, continuing
7 info lifecycle fat-eibl-frontend@0.0.1~build: fat-eibl-frontend@0.0.1
8 verbose lifecycle fat-eibl-frontend@0.0.1~build: unsafe-perm in lifecycle true
9 verbose lifecycle fat-eibl-frontend@0.0.1~build: PATH: C:\Program Files (x86)\nodejs\node_modules\npm\bin\node-gyp-bin;C:\Users\Uttam Adhikari\Desktop\project\FAT-EIBL-V2\frontend\node_modules\.bin;C:\Users\Uttam Adhikari\bin;C:\Program Files\Git\mingw64\bin;C:\Program Files\Git\usr\local\bin;C:\Program Files\Git\usr\bin;C:\Program Files\Git\usr\bin;C:\Program Files\Git\mingw64\bin;C:\Program Files\Git\usr\bin;C:\Users\Uttam Adhikari\bin;C:\Program Files (x86)\Common Files\Oracle\Java\javapath;C:\WINDOWS\system32;C:\WINDOWS;C:\WINDOWS\System32\Wbem;C:\WINDOWS\System32\WindowsPowerShell\v1.0;C:\WINDOWS\System32\OpenSSH;C:\Program Files (x86)\nodejs;C:\Program Files\Docker\Docker\resources\bin;C:\Users\Uttam Adhikari\AppData\Local\Microsoft\WindowsApps;C:\Users\Uttam Adhikari\AppData\Local\GitHubDesktop\bin;C:\Users\Uttam Adhikari\AppData\Local\Microsoft\WindowsApps;C:\Users\Uttam Adhikari\AppData\Roaming\npm;C:\Program Files\Git\usr\bin\vendor_perl;C:\Program Files\Git\usr\bin\core_perl
10 verbose lifecycle fat-eibl-frontend@0.0.1~build: CWD: C:\Users\Uttam Adhikari\Desktop\project\FAT-EIBL-V2\frontend
11 silly lifecycle fat-eibl-frontend@0.0.1~build: Args: [ '/d /s /c', 'vite build' ]
12 silly lifecycle fat-eibl-frontend@0.0.1~build: Returned: code: 1  signal: null
13 info lifecycle fat-eibl-frontend@0.0.1~build: Failed to exec build script
14 verbose stack Error: fat-eibl-frontend@0.0.1 build: `vite build`
14 verbose stack Exit status 1
14 verbose stack     at EventEmitter.<anonymous> (C:\Program Files (x86)\nodejs\node_modules\npm\lib\utils\lifecycle.js:255:16)
14 verbose stack     at emitTwo (events.js:106:13)
14 verbose stack     at EventEmitter.emit (events.js:191:7)
14 verbose stack     at ChildProcess.<anonymous> (C:\Program Files (x86)\nodejs\node_modules\npm\lib\utils\spawn.js:40:14)
14 verbose stack     at emitTwo (events.js:106:13)
14 verbose stack     at ChildProcess.emit (events.js:191:7)
14 verbose stack     at maybeClose (internal/child_process.js:886:16)
14 verbose stack     at Process.ChildProcess._handle.onexit (internal/child_process.js:226:5)
15 verbose pkgid fat-eibl-frontend@0.0.1
16 verbose cwd C:\Users\Uttam Adhikari\Desktop\project\FAT-EIBL-V2\frontend
17 error Windows_NT 10.0.26100
18 error argv "C:\\Program Files (x86)\\nodejs\\node.exe" "C:\\Program Files (x86)\\nodejs\\node_modules\\npm\\bin\\npm-cli.js" "run" "build"
19 error node v6.10.1
20 error npm  v3.10.10
21 error code ELIFECYCLE
22 error fat-eibl-frontend@0.0.1 build: `vite build`
22 error Exit status 1
23 error Failed at the fat-eibl-frontend@0.0.1 build script 'vite build'.
23 error Make sure you have the latest version of node.js and npm installed.
23 error If you do, this is most likely a problem with the fat-eibl-frontend package,
23 error not with npm itself.
23 error Tell the author that this fails on your system:
23 error     vite build
23 error You can get information on how to open an issue for this project with:
23 error     npm bugs fat-eibl-frontend
23 error Or if that isn't available, you can get their info via:
23 error     npm owner ls fat-eibl-frontend
23 error There is likely additional logging output above.
24 verbose exit [ 1, true ]
